<?xml version="1.0" encoding="UTF-8"?>
<!-- Generated by org.testng.reporters.JUnitReportReporter -->
<testsuite hostname="CILT49" failures="0" tests="1" name="testCases.TC01_LaunchApp" time="0.045" errors="0" timestamp="2025-04-04T16:38:22 IST" skipped="0">
  <testcase classname="testCases.TC01_LaunchApp" name="LoginToAcacia" time="0.045"/>
</testsuite> <!-- testCases.TC01_LaunchApp -->
