<?xml version="1.0" encoding="UTF-8"?>
<!-- Generated by org.testng.reporters.JUnitReportReporter -->
<testsuite hostname="CILT49" failures="0" tests="1" name="testCases.TC03_CorporateProposal" time="7.385" errors="0" timestamp="2025-04-09T11:51:11 IST" skipped="0">
  <testcase classname="testCases.TC03_CorporateProposal" name="CreateCorporateProposal" time="7.385"/>
</testsuite> <!-- testCases.TC03_CorporateProposal -->
