<?xml version="1.0" encoding="UTF-8"?>
<!-- Generated by org.testng.reporters.JUnitReportReporter -->
<testsuite hostname="CILT49" failures="0" tests="1" name="testCases.TC01_BankMaster" time="37.784" errors="0" timestamp="2025-04-07T16:18:26 IST" skipped="0">
  <testcase classname="testCases.TC01_BankMaster" name="LoginToAcacia" time="37.784"/>
</testsuite> <!-- testCases.TC01_BankMaster -->
