<?xml version="1.0" encoding="UTF-8"?>
<!-- Generated by org.testng.reporters.JUnitReportReporter -->
<testsuite hostname="CILT49" failures="0" tests="1" name="testCases.TC02_RetailProposal" time="5.826" errors="0" timestamp="2025-04-08T11:12:15 IST" skipped="0">
  <testcase classname="testCases.TC02_RetailProposal" name="CreateRetailProposal" time="5.826"/>
</testsuite> <!-- testCases.TC02_RetailProposal -->
