<?xml version="1.0" encoding="UTF-8"?>
<!-- Generated by org.testng.reporters.JUnitReportReporter -->
<testsuite hostname="CILT49" failures="0" tests="1" name="testCases.TC01_BankMaster" time="14.455" errors="0" timestamp="2025-04-28T11:22:03 IST" skipped="0">
  <testcase classname="testCases.TC01_BankMaster" name="CreateBankMaster" time="14.455"/>
</testsuite> <!-- testCases.TC01_BankMaster -->
